This is pdfTeX, Version 3.14159265-2.6-1.40.16 (TeX Live 2015) (preloaded format=pdflatex 2016.2.12)  19 MAY 2016 16:12
entering extended mode
 restricted \write18 enabled.
 %&-line parsing enabled.
**eit-main.tex
(./eit-main.tex
LaTeX2e <2015/01/01>
Babel <3.9l> and hyphenation patterns for 79 languages loaded.
(/usr/local/texlive/2015/texmf-dist/tex/latex/base/report.cls
Document Class: report 2014/09/29 v1.4h Standard LaTeX document class
(/usr/local/texlive/2015/texmf-dist/tex/latex/base/size11.clo
File: size11.clo 2014/09/29 v1.4h Standard LaTeX file (size option)
)
\c@part=\count79
\c@chapter=\count80
\c@section=\count81
\c@subsection=\count82
\c@subsubsection=\count83
\c@paragraph=\count84
\c@subparagraph=\count85
\c@figure=\count86
\c@table=\count87
\abovecaptionskip=\skip41
\belowcaptionskip=\skip42
\bibindent=\dimen102
)
(/usr/local/texlive/2015/texmf-dist/tex/latex/base/inputenc.sty
Package: inputenc 2015/03/17 v1.2c Input encoding file
\inpenc@prehook=\toks14
\inpenc@posthook=\toks15

(/usr/local/texlive/2015/texmf-dist/tex/latex/base/utf8.def
File: utf8.def 2014/09/29 v1.1m UTF-8 support for inputenc
Now handling font encoding OML ...
... no UTF-8 mapping file for font encoding OML
Now handling font encoding T1 ...
... processing UTF-8 mapping file for font encoding T1

(/usr/local/texlive/2015/texmf-dist/tex/latex/base/t1enc.dfu
File: t1enc.dfu 2014/09/29 v1.1m UTF-8 support for inputenc
   defining Unicode char U+00A1 (decimal 161)
   defining Unicode char U+00A3 (decimal 163)
   defining Unicode char U+00AB (decimal 171)
   defining Unicode char U+00BB (decimal 187)
   defining Unicode char U+00BF (decimal 191)
   defining Unicode char U+00C0 (decimal 192)
   defining Unicode char U+00C1 (decimal 193)
   defining Unicode char U+00C2 (decimal 194)
   defining Unicode char U+00C3 (decimal 195)
   defining Unicode char U+00C4 (decimal 196)
   defining Unicode char U+00C5 (decimal 197)
   defining Unicode char U+00C6 (decimal 198)
   defining Unicode char U+00C7 (decimal 199)
   defining Unicode char U+00C8 (decimal 200)
   defining Unicode char U+00C9 (decimal 201)
   defining Unicode char U+00CA (decimal 202)
   defining Unicode char U+00CB (decimal 203)
   defining Unicode char U+00CC (decimal 204)
   defining Unicode char U+00CD (decimal 205)
   defining Unicode char U+00CE (decimal 206)
   defining Unicode char U+00CF (decimal 207)
   defining Unicode char U+00D0 (decimal 208)
   defining Unicode char U+00D1 (decimal 209)
   defining Unicode char U+00D2 (decimal 210)
   defining Unicode char U+00D3 (decimal 211)
   defining Unicode char U+00D4 (decimal 212)
   defining Unicode char U+00D5 (decimal 213)
   defining Unicode char U+00D6 (decimal 214)
   defining Unicode char U+00D8 (decimal 216)
   defining Unicode char U+00D9 (decimal 217)
   defining Unicode char U+00DA (decimal 218)
   defining Unicode char U+00DB (decimal 219)
   defining Unicode char U+00DC (decimal 220)
   defining Unicode char U+00DD (decimal 221)
   defining Unicode char U+00DE (decimal 222)
   defining Unicode char U+00DF (decimal 223)
   defining Unicode char U+00E0 (decimal 224)
   defining Unicode char U+00E1 (decimal 225)
   defining Unicode char U+00E2 (decimal 226)
   defining Unicode char U+00E3 (decimal 227)
   defining Unicode char U+00E4 (decimal 228)
   defining Unicode char U+00E5 (decimal 229)
   defining Unicode char U+00E6 (decimal 230)
   defining Unicode char U+00E7 (decimal 231)
   defining Unicode char U+00E8 (decimal 232)
   defining Unicode char U+00E9 (decimal 233)
   defining Unicode char U+00EA (decimal 234)
   defining Unicode char U+00EB (decimal 235)
   defining Unicode char U+00EC (decimal 236)
   defining Unicode char U+00ED (decimal 237)
   defining Unicode char U+00EE (decimal 238)
   defining Unicode char U+00EF (decimal 239)
   defining Unicode char U+00F0 (decimal 240)
   defining Unicode char U+00F1 (decimal 241)
   defining Unicode char U+00F2 (decimal 242)
   defining Unicode char U+00F3 (decimal 243)
   defining Unicode char U+00F4 (decimal 244)
   defining Unicode char U+00F5 (decimal 245)
   defining Unicode char U+00F6 (decimal 246)
   defining Unicode char U+00F8 (decimal 248)
   defining Unicode char U+00F9 (decimal 249)
   defining Unicode char U+00FA (decimal 250)
   defining Unicode char U+00FB (decimal 251)
   defining Unicode char U+00FC (decimal 252)
   defining Unicode char U+00FD (decimal 253)
   defining Unicode char U+00FE (decimal 254)
   defining Unicode char U+00FF (decimal 255)
   defining Unicode char U+0102 (decimal 258)
   defining Unicode char U+0103 (decimal 259)
   defining Unicode char U+0104 (decimal 260)
   defining Unicode char U+0105 (decimal 261)
   defining Unicode char U+0106 (decimal 262)
   defining Unicode char U+0107 (decimal 263)
   defining Unicode char U+010C (decimal 268)
   defining Unicode char U+010D (decimal 269)
   defining Unicode char U+010E (decimal 270)
   defining Unicode char U+010F (decimal 271)
   defining Unicode char U+0110 (decimal 272)
   defining Unicode char U+0111 (decimal 273)
   defining Unicode char U+0118 (decimal 280)
   defining Unicode char U+0119 (decimal 281)
   defining Unicode char U+011A (decimal 282)
   defining Unicode char U+011B (decimal 283)
   defining Unicode char U+011E (decimal 286)
   defining Unicode char U+011F (decimal 287)
   defining Unicode char U+0130 (decimal 304)
   defining Unicode char U+0131 (decimal 305)
   defining Unicode char U+0132 (decimal 306)
   defining Unicode char U+0133 (decimal 307)
   defining Unicode char U+0139 (decimal 313)
   defining Unicode char U+013A (decimal 314)
   defining Unicode char U+013D (decimal 317)
   defining Unicode char U+013E (decimal 318)
   defining Unicode char U+0141 (decimal 321)
   defining Unicode char U+0142 (decimal 322)
   defining Unicode char U+0143 (decimal 323)
   defining Unicode char U+0144 (decimal 324)
   defining Unicode char U+0147 (decimal 327)
   defining Unicode char U+0148 (decimal 328)
   defining Unicode char U+014A (decimal 330)
   defining Unicode char U+014B (decimal 331)
   defining Unicode char U+0150 (decimal 336)
   defining Unicode char U+0151 (decimal 337)
   defining Unicode char U+0152 (decimal 338)
   defining Unicode char U+0153 (decimal 339)
   defining Unicode char U+0154 (decimal 340)
   defining Unicode char U+0155 (decimal 341)
   defining Unicode char U+0158 (decimal 344)
   defining Unicode char U+0159 (decimal 345)
   defining Unicode char U+015A (decimal 346)
   defining Unicode char U+015B (decimal 347)
   defining Unicode char U+015E (decimal 350)
   defining Unicode char U+015F (decimal 351)
   defining Unicode char U+0160 (decimal 352)
   defining Unicode char U+0161 (decimal 353)
   defining Unicode char U+0162 (decimal 354)
   defining Unicode char U+0163 (decimal 355)
   defining Unicode char U+0164 (decimal 356)
   defining Unicode char U+0165 (decimal 357)
   defining Unicode char U+016E (decimal 366)
   defining Unicode char U+016F (decimal 367)
   defining Unicode char U+0170 (decimal 368)
   defining Unicode char U+0171 (decimal 369)
   defining Unicode char U+0178 (decimal 376)
   defining Unicode char U+0179 (decimal 377)
   defining Unicode char U+017A (decimal 378)
   defining Unicode char U+017B (decimal 379)
   defining Unicode char U+017C (decimal 380)
   defining Unicode char U+017D (decimal 381)
   defining Unicode char U+017E (decimal 382)
   defining Unicode char U+200C (decimal 8204)
   defining Unicode char U+2013 (decimal 8211)
   defining Unicode char U+2014 (decimal 8212)
   defining Unicode char U+2018 (decimal 8216)
   defining Unicode char U+2019 (decimal 8217)
   defining Unicode char U+201A (decimal 8218)
   defining Unicode char U+201C (decimal 8220)
   defining Unicode char U+201D (decimal 8221)
   defining Unicode char U+201E (decimal 8222)
   defining Unicode char U+2030 (decimal 8240)
   defining Unicode char U+2031 (decimal 8241)
   defining Unicode char U+2039 (decimal 8249)
   defining Unicode char U+203A (decimal 8250)
   defining Unicode char U+2423 (decimal 9251)
)
Now handling font encoding OT1 ...
... processing UTF-8 mapping file for font encoding OT1

(/usr/local/texlive/2015/texmf-dist/tex/latex/base/ot1enc.dfu
File: ot1enc.dfu 2014/09/29 v1.1m UTF-8 support for inputenc
   defining Unicode char U+00A1 (decimal 161)
   defining Unicode char U+00A3 (decimal 163)
   defining Unicode char U+00B8 (decimal 184)
   defining Unicode char U+00BF (decimal 191)
   defining Unicode char U+00C5 (decimal 197)
   defining Unicode char U+00C6 (decimal 198)
   defining Unicode char U+00D8 (decimal 216)
   defining Unicode char U+00DF (decimal 223)
   defining Unicode char U+00E6 (decimal 230)
   defining Unicode char U+00EC (decimal 236)
   defining Unicode char U+00ED (decimal 237)
   defining Unicode char U+00EE (decimal 238)
   defining Unicode char U+00EF (decimal 239)
   defining Unicode char U+00F8 (decimal 248)
   defining Unicode char U+0131 (decimal 305)
   defining Unicode char U+0141 (decimal 321)
   defining Unicode char U+0142 (decimal 322)
   defining Unicode char U+0152 (decimal 338)
   defining Unicode char U+0153 (decimal 339)
   defining Unicode char U+2013 (decimal 8211)
   defining Unicode char U+2014 (decimal 8212)
   defining Unicode char U+2018 (decimal 8216)
   defining Unicode char U+2019 (decimal 8217)
   defining Unicode char U+201C (decimal 8220)
   defining Unicode char U+201D (decimal 8221)
)
Now handling font encoding OMS ...
... processing UTF-8 mapping file for font encoding OMS

(/usr/local/texlive/2015/texmf-dist/tex/latex/base/omsenc.dfu
File: omsenc.dfu 2014/09/29 v1.1m UTF-8 support for inputenc
   defining Unicode char U+00A7 (decimal 167)
   defining Unicode char U+00B6 (decimal 182)
   defining Unicode char U+00B7 (decimal 183)
   defining Unicode char U+2020 (decimal 8224)
   defining Unicode char U+2021 (decimal 8225)
   defining Unicode char U+2022 (decimal 8226)
)
Now handling font encoding OMX ...
... no UTF-8 mapping file for font encoding OMX
Now handling font encoding U ...
... no UTF-8 mapping file for font encoding U
   defining Unicode char U+00A9 (decimal 169)
   defining Unicode char U+00AA (decimal 170)
   defining Unicode char U+00AE (decimal 174)
   defining Unicode char U+00BA (decimal 186)
   defining Unicode char U+02C6 (decimal 710)
   defining Unicode char U+02DC (decimal 732)
   defining Unicode char U+200C (decimal 8204)
   defining Unicode char U+2026 (decimal 8230)
   defining Unicode char U+2122 (decimal 8482)
   defining Unicode char U+2423 (decimal 9251)
))
(/usr/local/texlive/2015/texmf-dist/tex/latex/base/fontenc.sty
Package: fontenc 2005/09/27 v1.99g Standard LaTeX package

(/usr/local/texlive/2015/texmf-dist/tex/latex/base/t1enc.def
File: t1enc.def 2005/09/27 v1.99g Standard LaTeX file
LaTeX Font Info:    Redeclaring font encoding T1 on input line 48.
))
(/usr/local/texlive/2015/texmf-dist/tex/generic/babel/babel.sty
Package: babel 2014/09/25 3.9l The Babel package

(/usr/local/texlive/2015/texmf-dist/tex/generic/babel-english/english.ldf
Language: english 2012/08/20 v3.3p English support from the babel system

(/usr/local/texlive/2015/texmf-dist/tex/generic/babel/babel.def
File: babel.def 2014/09/25 3.9l Babel common definitions
\babel@savecnt=\count88
\U@D=\dimen103
)
\l@canadian = a dialect from \language\l@american 
\l@australian = a dialect from \language\l@british 
\l@newzealand = a dialect from \language\l@british 
))
(/usr/local/texlive/2015/texmf-dist/tex/latex/anysize/anysize.sty
Package: anysize 1994/08/13 setting margin sizes

document style option `anysize' loaded
Michael Salzenberg, Thomas Esser, Dirk Hillbrecht
Version 1.0, Aug 13, 1994
\@Leftmargin=\dimen104
\@Rightmargin=\dimen105
\@Topmargin=\dimen106
\@Bottommargin=\dimen107
) (/usr/local/texlive/2015/texmf-dist/tex/latex/amsmath/amsmath.sty
Package: amsmath 2013/01/14 v2.14 AMS math features
\@mathmargin=\skip43

For additional information on amsmath, use the `?' option.
(/usr/local/texlive/2015/texmf-dist/tex/latex/amsmath/amstext.sty
Package: amstext 2000/06/29 v2.01

(/usr/local/texlive/2015/texmf-dist/tex/latex/amsmath/amsgen.sty
File: amsgen.sty 1999/11/30 v2.0
\@emptytoks=\toks16
\ex@=\dimen108
))
(/usr/local/texlive/2015/texmf-dist/tex/latex/amsmath/amsbsy.sty
Package: amsbsy 1999/11/29 v1.2d
\pmbraise@=\dimen109
)
(/usr/local/texlive/2015/texmf-dist/tex/latex/amsmath/amsopn.sty
Package: amsopn 1999/12/14 v2.01 operator names
)
\inf@bad=\count89
LaTeX Info: Redefining \frac on input line 210.
\uproot@=\count90
\leftroot@=\count91
LaTeX Info: Redefining \overline on input line 306.
\classnum@=\count92
\DOTSCASE@=\count93
LaTeX Info: Redefining \ldots on input line 378.
LaTeX Info: Redefining \dots on input line 381.
LaTeX Info: Redefining \cdots on input line 466.
\Mathstrutbox@=\box26
\strutbox@=\box27
\big@size=\dimen110
LaTeX Font Info:    Redeclaring font encoding OML on input line 566.
LaTeX Font Info:    Redeclaring font encoding OMS on input line 567.
\macc@depth=\count94
\c@MaxMatrixCols=\count95
\dotsspace@=\muskip10
\c@parentequation=\count96
\dspbrk@lvl=\count97
\tag@help=\toks17
\row@=\count98
\column@=\count99
\maxfields@=\count100
\andhelp@=\toks18
\eqnshift@=\dimen111
\alignsep@=\dimen112
\tagshift@=\dimen113
\tagwidth@=\dimen114
\totwidth@=\dimen115
\lineht@=\dimen116
\@envbody=\toks19
\multlinegap=\skip44
\multlinetaggap=\skip45
\mathdisplay@stack=\toks20
LaTeX Info: Redefining \[ on input line 2665.
LaTeX Info: Redefining \] on input line 2666.
)
(/usr/local/texlive/2015/texmf-dist/tex/latex/amsfonts/amsfonts.sty
Package: amsfonts 2013/01/14 v3.01 Basic AMSFonts support
\symAMSa=\mathgroup4
\symAMSb=\mathgroup5
LaTeX Font Info:    Overwriting math alphabet `\mathfrak' in version `bold'
(Font)                  U/euf/m/n --> U/euf/b/n on input line 106.
)
(/usr/local/texlive/2015/texmf-dist/tex/latex/amsfonts/amssymb.sty
Package: amssymb 2013/01/14 v3.01 AMS font symbols
)
(/usr/local/texlive/2015/texmf-dist/tex/latex/graphics/graphicx.sty
Package: graphicx 2014/10/28 v1.0g Enhanced LaTeX Graphics (DPC,SPQR)

(/usr/local/texlive/2015/texmf-dist/tex/latex/graphics/keyval.sty
Package: keyval 2014/10/28 v1.15 key=value parser (DPC)
\KV@toks@=\toks21
)
(/usr/local/texlive/2015/texmf-dist/tex/latex/graphics/graphics.sty
Package: graphics 2014/10/28 v1.0p Standard LaTeX Graphics (DPC,SPQR)

(/usr/local/texlive/2015/texmf-dist/tex/latex/graphics/trig.sty
Package: trig 1999/03/16 v1.09 sin cos tan (DPC)
)
(/usr/local/texlive/2015/texmf-dist/tex/latex/latexconfig/graphics.cfg
File: graphics.cfg 2010/04/23 v1.9 graphics configuration of TeX Live
)
Package graphics Info: Driver file: pdftex.def on input line 94.

(/usr/local/texlive/2015/texmf-dist/tex/latex/pdftex-def/pdftex.def
File: pdftex.def 2011/05/27 v0.06d Graphics/color for pdfTeX

(/usr/local/texlive/2015/texmf-dist/tex/generic/oberdiek/infwarerr.sty
Package: infwarerr 2010/04/08 v1.3 Providing info/warning/error messages (HO)
)
(/usr/local/texlive/2015/texmf-dist/tex/generic/oberdiek/ltxcmds.sty
Package: ltxcmds 2011/11/09 v1.22 LaTeX kernel commands for general use (HO)
)
\Gread@gobject=\count101
))
\Gin@req@height=\dimen117
\Gin@req@width=\dimen118
)
(/usr/local/texlive/2015/texmf-dist/tex/latex/pgf/frontendlayer/tikz.sty
(/usr/local/texlive/2015/texmf-dist/tex/latex/pgf/basiclayer/pgf.sty
(/usr/local/texlive/2015/texmf-dist/tex/latex/pgf/utilities/pgfrcs.sty
(/usr/local/texlive/2015/texmf-dist/tex/generic/pgf/utilities/pgfutil-common.te
x
\pgfutil@everybye=\toks22
\pgfutil@tempdima=\dimen119
\pgfutil@tempdimb=\dimen120

(/usr/local/texlive/2015/texmf-dist/tex/generic/pgf/utilities/pgfutil-common-li
sts.tex))
(/usr/local/texlive/2015/texmf-dist/tex/generic/pgf/utilities/pgfutil-latex.def
\pgfutil@abb=\box28
(/usr/local/texlive/2015/texmf-dist/tex/latex/ms/everyshi.sty
Package: everyshi 2001/05/15 v3.00 EveryShipout Package (MS)
))
(/usr/local/texlive/2015/texmf-dist/tex/generic/pgf/utilities/pgfrcs.code.tex
Package: pgfrcs 2013/12/20 v3.0.0 (rcs-revision 1.28)
))
Package: pgf 2013/12/18 v3.0.0 (rcs-revision 1.14)
(/usr/local/texlive/2015/texmf-dist/tex/latex/pgf/basiclayer/pgfcore.sty
(/usr/local/texlive/2015/texmf-dist/tex/latex/pgf/systemlayer/pgfsys.sty
(/usr/local/texlive/2015/texmf-dist/tex/generic/pgf/systemlayer/pgfsys.code.tex
Package: pgfsys 2013/11/30 v3.0.0 (rcs-revision 1.47)
(/usr/local/texlive/2015/texmf-dist/tex/generic/pgf/utilities/pgfkeys.code.tex
\pgfkeys@pathtoks=\toks23
\pgfkeys@temptoks=\toks24

(/usr/local/texlive/2015/texmf-dist/tex/generic/pgf/utilities/pgfkeysfiltered.c
ode.tex
\pgfkeys@tmptoks=\toks25
))
\pgf@x=\dimen121
\pgf@y=\dimen122
\pgf@xa=\dimen123
\pgf@ya=\dimen124
\pgf@xb=\dimen125
\pgf@yb=\dimen126
\pgf@xc=\dimen127
\pgf@yc=\dimen128
\w@pgf@writea=\write3
\r@pgf@reada=\read1
\c@pgf@counta=\count102
\c@pgf@countb=\count103
\c@pgf@countc=\count104
\c@pgf@countd=\count105
\t@pgf@toka=\toks26
\t@pgf@tokb=\toks27
\t@pgf@tokc=\toks28

(/usr/local/texlive/2015/texmf-dist/tex/generic/pgf/systemlayer/pgf.cfg
File: pgf.cfg 2008/05/14  (rcs-revision 1.7)
)
Driver file for pgf: pgfsys-pdftex.def

(/usr/local/texlive/2015/texmf-dist/tex/generic/pgf/systemlayer/pgfsys-pdftex.d
ef
File: pgfsys-pdftex.def 2013/07/18  (rcs-revision 1.33)

(/usr/local/texlive/2015/texmf-dist/tex/generic/pgf/systemlayer/pgfsys-common-p
df.def
File: pgfsys-common-pdf.def 2013/10/10  (rcs-revision 1.13)
)))
(/usr/local/texlive/2015/texmf-dist/tex/generic/pgf/systemlayer/pgfsyssoftpath.
code.tex
File: pgfsyssoftpath.code.tex 2013/09/09  (rcs-revision 1.9)
\pgfsyssoftpath@smallbuffer@items=\count106
\pgfsyssoftpath@bigbuffer@items=\count107
)
(/usr/local/texlive/2015/texmf-dist/tex/generic/pgf/systemlayer/pgfsysprotocol.
code.tex
File: pgfsysprotocol.code.tex 2006/10/16  (rcs-revision 1.4)
)) (/usr/local/texlive/2015/texmf-dist/tex/latex/xcolor/xcolor.sty
Package: xcolor 2007/01/21 v2.11 LaTeX color extensions (UK)

(/usr/local/texlive/2015/texmf-dist/tex/latex/latexconfig/color.cfg
File: color.cfg 2007/01/18 v1.5 color configuration of teTeX/TeXLive
)
Package xcolor Info: Driver file: pdftex.def on input line 225.
Package xcolor Info: Model `cmy' substituted by `cmy0' on input line 1337.
Package xcolor Info: Model `hsb' substituted by `rgb' on input line 1341.
Package xcolor Info: Model `RGB' extended on input line 1353.
Package xcolor Info: Model `HTML' substituted by `rgb' on input line 1355.
Package xcolor Info: Model `Hsb' substituted by `hsb' on input line 1356.
Package xcolor Info: Model `tHsb' substituted by `hsb' on input line 1357.
Package xcolor Info: Model `HSB' substituted by `hsb' on input line 1358.
Package xcolor Info: Model `Gray' substituted by `gray' on input line 1359.
Package xcolor Info: Model `wave' substituted by `hsb' on input line 1360.
)
(/usr/local/texlive/2015/texmf-dist/tex/generic/pgf/basiclayer/pgfcore.code.tex
Package: pgfcore 2010/04/11 v3.0.0 (rcs-revision 1.7)
(/usr/local/texlive/2015/texmf-dist/tex/generic/pgf/math/pgfmath.code.tex
(/usr/local/texlive/2015/texmf-dist/tex/generic/pgf/math/pgfmathcalc.code.tex
(/usr/local/texlive/2015/texmf-dist/tex/generic/pgf/math/pgfmathutil.code.tex)
(/usr/local/texlive/2015/texmf-dist/tex/generic/pgf/math/pgfmathparser.code.tex
\pgfmath@dimen=\dimen129
\pgfmath@count=\count108
\pgfmath@box=\box29
\pgfmath@toks=\toks29
\pgfmath@stack@operand=\toks30
\pgfmath@stack@operation=\toks31
)
(/usr/local/texlive/2015/texmf-dist/tex/generic/pgf/math/pgfmathfunctions.code.
tex
(/usr/local/texlive/2015/texmf-dist/tex/generic/pgf/math/pgfmathfunctions.basic
.code.tex)
(/usr/local/texlive/2015/texmf-dist/tex/generic/pgf/math/pgfmathfunctions.trigo
nometric.code.tex)
(/usr/local/texlive/2015/texmf-dist/tex/generic/pgf/math/pgfmathfunctions.rando
m.code.tex)
(/usr/local/texlive/2015/texmf-dist/tex/generic/pgf/math/pgfmathfunctions.compa
rison.code.tex)
(/usr/local/texlive/2015/texmf-dist/tex/generic/pgf/math/pgfmathfunctions.base.
code.tex)
(/usr/local/texlive/2015/texmf-dist/tex/generic/pgf/math/pgfmathfunctions.round
.code.tex)
(/usr/local/texlive/2015/texmf-dist/tex/generic/pgf/math/pgfmathfunctions.misc.
code.tex)
(/usr/local/texlive/2015/texmf-dist/tex/generic/pgf/math/pgfmathfunctions.integ
erarithmetics.code.tex)))
(/usr/local/texlive/2015/texmf-dist/tex/generic/pgf/math/pgfmathfloat.code.tex
\c@pgfmathroundto@lastzeros=\count109
))
(/usr/local/texlive/2015/texmf-dist/tex/generic/pgf/basiclayer/pgfcorepoints.co
de.tex
File: pgfcorepoints.code.tex 2013/10/07  (rcs-revision 1.27)
\pgf@picminx=\dimen130
\pgf@picmaxx=\dimen131
\pgf@picminy=\dimen132
\pgf@picmaxy=\dimen133
\pgf@pathminx=\dimen134
\pgf@pathmaxx=\dimen135
\pgf@pathminy=\dimen136
\pgf@pathmaxy=\dimen137
\pgf@xx=\dimen138
\pgf@xy=\dimen139
\pgf@yx=\dimen140
\pgf@yy=\dimen141
\pgf@zx=\dimen142
\pgf@zy=\dimen143
)
(/usr/local/texlive/2015/texmf-dist/tex/generic/pgf/basiclayer/pgfcorepathconst
ruct.code.tex
File: pgfcorepathconstruct.code.tex 2013/10/07  (rcs-revision 1.29)
\pgf@path@lastx=\dimen144
\pgf@path@lasty=\dimen145
)
(/usr/local/texlive/2015/texmf-dist/tex/generic/pgf/basiclayer/pgfcorepathusage
.code.tex
File: pgfcorepathusage.code.tex 2013/12/13  (rcs-revision 1.23)
\pgf@shorten@end@additional=\dimen146
\pgf@shorten@start@additional=\dimen147
)
(/usr/local/texlive/2015/texmf-dist/tex/generic/pgf/basiclayer/pgfcorescopes.co
de.tex
File: pgfcorescopes.code.tex 2013/10/09  (rcs-revision 1.44)
\pgfpic=\box30
\pgf@hbox=\box31
\pgf@layerbox@main=\box32
\pgf@picture@serial@count=\count110
)
(/usr/local/texlive/2015/texmf-dist/tex/generic/pgf/basiclayer/pgfcoregraphicst
ate.code.tex
File: pgfcoregraphicstate.code.tex 2013/09/19  (rcs-revision 1.11)
\pgflinewidth=\dimen148
)
(/usr/local/texlive/2015/texmf-dist/tex/generic/pgf/basiclayer/pgfcoretransform
ations.code.tex
File: pgfcoretransformations.code.tex 2013/10/10  (rcs-revision 1.17)
\pgf@pt@x=\dimen149
\pgf@pt@y=\dimen150
\pgf@pt@temp=\dimen151
)
(/usr/local/texlive/2015/texmf-dist/tex/generic/pgf/basiclayer/pgfcorequick.cod
e.tex
File: pgfcorequick.code.tex 2008/10/09  (rcs-revision 1.3)
)
(/usr/local/texlive/2015/texmf-dist/tex/generic/pgf/basiclayer/pgfcoreobjects.c
ode.tex
File: pgfcoreobjects.code.tex 2006/10/11  (rcs-revision 1.2)
)
(/usr/local/texlive/2015/texmf-dist/tex/generic/pgf/basiclayer/pgfcorepathproce
ssing.code.tex
File: pgfcorepathprocessing.code.tex 2013/09/09  (rcs-revision 1.9)
)
(/usr/local/texlive/2015/texmf-dist/tex/generic/pgf/basiclayer/pgfcorearrows.co
de.tex
File: pgfcorearrows.code.tex 2013/11/07  (rcs-revision 1.40)
\pgfarrowsep=\dimen152
)
(/usr/local/texlive/2015/texmf-dist/tex/generic/pgf/basiclayer/pgfcoreshade.cod
e.tex
File: pgfcoreshade.code.tex 2013/07/15  (rcs-revision 1.15)
\pgf@max=\dimen153
\pgf@sys@shading@range@num=\count111
)
(/usr/local/texlive/2015/texmf-dist/tex/generic/pgf/basiclayer/pgfcoreimage.cod
e.tex
File: pgfcoreimage.code.tex 2013/07/15  (rcs-revision 1.18)

(/usr/local/texlive/2015/texmf-dist/tex/generic/pgf/basiclayer/pgfcoreexternal.
code.tex
File: pgfcoreexternal.code.tex 2013/07/15  (rcs-revision 1.20)
\pgfexternal@startupbox=\box33
))
(/usr/local/texlive/2015/texmf-dist/tex/generic/pgf/basiclayer/pgfcorelayers.co
de.tex
File: pgfcorelayers.code.tex 2013/07/18  (rcs-revision 1.7)
)
(/usr/local/texlive/2015/texmf-dist/tex/generic/pgf/basiclayer/pgfcoretranspare
ncy.code.tex
File: pgfcoretransparency.code.tex 2013/09/30  (rcs-revision 1.5)
)
(/usr/local/texlive/2015/texmf-dist/tex/generic/pgf/basiclayer/pgfcorepatterns.
code.tex
File: pgfcorepatterns.code.tex 2013/11/07  (rcs-revision 1.5)
)))
(/usr/local/texlive/2015/texmf-dist/tex/generic/pgf/modules/pgfmoduleshapes.cod
e.tex
File: pgfmoduleshapes.code.tex 2013/10/31  (rcs-revision 1.34)
\pgfnodeparttextbox=\box34
)
(/usr/local/texlive/2015/texmf-dist/tex/generic/pgf/modules/pgfmoduleplot.code.
tex
File: pgfmoduleplot.code.tex 2013/07/31  (rcs-revision 1.12)
)
(/usr/local/texlive/2015/texmf-dist/tex/latex/pgf/compatibility/pgfcomp-version
-0-65.sty
Package: pgfcomp-version-0-65 2007/07/03 v3.0.0 (rcs-revision 1.7)
\pgf@nodesepstart=\dimen154
\pgf@nodesepend=\dimen155
)
(/usr/local/texlive/2015/texmf-dist/tex/latex/pgf/compatibility/pgfcomp-version
-1-18.sty
Package: pgfcomp-version-1-18 2007/07/23 v3.0.0 (rcs-revision 1.1)
))
(/usr/local/texlive/2015/texmf-dist/tex/latex/pgf/utilities/pgffor.sty
(/usr/local/texlive/2015/texmf-dist/tex/latex/pgf/utilities/pgfkeys.sty
(/usr/local/texlive/2015/texmf-dist/tex/generic/pgf/utilities/pgfkeys.code.tex)
) (/usr/local/texlive/2015/texmf-dist/tex/latex/pgf/math/pgfmath.sty
(/usr/local/texlive/2015/texmf-dist/tex/generic/pgf/math/pgfmath.code.tex))
(/usr/local/texlive/2015/texmf-dist/tex/generic/pgf/utilities/pgffor.code.tex
Package: pgffor 2013/12/13 v3.0.0 (rcs-revision 1.25)

(/usr/local/texlive/2015/texmf-dist/tex/generic/pgf/math/pgfmath.code.tex)
\pgffor@iter=\dimen156
\pgffor@skip=\dimen157
\pgffor@stack=\toks32
\pgffor@toks=\toks33
))
(/usr/local/texlive/2015/texmf-dist/tex/generic/pgf/frontendlayer/tikz/tikz.cod
e.tex
Package: tikz 2013/12/13 v3.0.0 (rcs-revision 1.142)

(/usr/local/texlive/2015/texmf-dist/tex/generic/pgf/libraries/pgflibraryplothan
dlers.code.tex
File: pgflibraryplothandlers.code.tex 2013/08/31 v3.0.0 (rcs-revision 1.20)
\pgf@plot@mark@count=\count112
\pgfplotmarksize=\dimen158
)
\tikz@lastx=\dimen159
\tikz@lasty=\dimen160
\tikz@lastxsaved=\dimen161
\tikz@lastysaved=\dimen162
\tikzleveldistance=\dimen163
\tikzsiblingdistance=\dimen164
\tikz@figbox=\box35
\tikz@figbox@bg=\box36
\tikz@tempbox=\box37
\tikz@tempbox@bg=\box38
\tikztreelevel=\count113
\tikznumberofchildren=\count114
\tikznumberofcurrentchild=\count115
\tikz@fig@count=\count116

(/usr/local/texlive/2015/texmf-dist/tex/generic/pgf/modules/pgfmodulematrix.cod
e.tex
File: pgfmodulematrix.code.tex 2013/09/17  (rcs-revision 1.8)
\pgfmatrixcurrentrow=\count117
\pgfmatrixcurrentcolumn=\count118
\pgf@matrix@numberofcolumns=\count119
)
\tikz@expandcount=\count120

(/usr/local/texlive/2015/texmf-dist/tex/generic/pgf/frontendlayer/tikz/librarie
s/tikzlibrarytopaths.code.tex
File: tikzlibrarytopaths.code.tex 2008/06/17 v3.0.0 (rcs-revision 1.2)
)))
(/usr/local/texlive/2015/texmf-dist/tex/latex/algorithms/algorithm.sty
Package: algorithm 2009/08/24 v0.1 Document Style `algorithm' - floating enviro
nment

(/usr/local/texlive/2015/texmf-dist/tex/latex/float/float.sty
Package: float 2001/11/08 v1.3d Float enhancements (AL)
\c@float@type=\count121
\float@exts=\toks34
\float@box=\box39
\@float@everytoks=\toks35
\@floatcapt=\box40
)
(/usr/local/texlive/2015/texmf-dist/tex/latex/base/ifthen.sty
Package: ifthen 2014/09/29 v1.1c Standard LaTeX ifthen package (DPC)
)
\@float@every@algorithm=\toks36
\c@algorithm=\count122
)
(/usr/local/texlive/2015/texmf-dist/tex/latex/algorithmicx/algpseudocode.sty
Package: algpseudocode 

(/usr/local/texlive/2015/texmf-dist/tex/latex/algorithmicx/algorithmicx.sty
Package: algorithmicx 2005/04/27 v1.2 Algorithmicx

Document Style algorithmicx 1.2 - a greatly improved `algorithmic' style
\c@ALG@line=\count123
\c@ALG@rem=\count124
\c@ALG@nested=\count125
\ALG@tlm=\skip46
\ALG@thistlm=\skip47
\c@ALG@Lnr=\count126
\c@ALG@blocknr=\count127
\c@ALG@storecount=\count128
\c@ALG@tmpcounter=\count129
\ALG@tmplength=\skip48
)
Document Style - pseudocode environments for use with the `algorithmicx' style
) (/usr/local/texlive/2015/texmf-dist/tex/latex/oberdiek/epstopdf.sty
Package: epstopdf 2010/02/09 v2.5 Conversion with epstopdf on the fly (HO)

(/usr/local/texlive/2015/texmf-dist/tex/latex/oberdiek/epstopdf-base.sty
Package: epstopdf-base 2010/02/09 v2.5 Base part for package epstopdf

(/usr/local/texlive/2015/texmf-dist/tex/latex/oberdiek/grfext.sty
Package: grfext 2010/08/19 v1.1 Manage graphics extensions (HO)

(/usr/local/texlive/2015/texmf-dist/tex/generic/oberdiek/kvdefinekeys.sty
Package: kvdefinekeys 2011/04/07 v1.3 Define keys (HO)
))
(/usr/local/texlive/2015/texmf-dist/tex/latex/oberdiek/kvoptions.sty
Package: kvoptions 2011/06/30 v3.11 Key value format for package options (HO)

(/usr/local/texlive/2015/texmf-dist/tex/generic/oberdiek/kvsetkeys.sty
Package: kvsetkeys 2012/04/25 v1.16 Key value parser (HO)

(/usr/local/texlive/2015/texmf-dist/tex/generic/oberdiek/etexcmds.sty
Package: etexcmds 2011/02/16 v1.5 Avoid name clashes with e-TeX commands (HO)

(/usr/local/texlive/2015/texmf-dist/tex/generic/oberdiek/ifluatex.sty
Package: ifluatex 2010/03/01 v1.3 Provides the ifluatex switch (HO)
Package ifluatex Info: LuaTeX not detected.
)
Package etexcmds Info: Could not find \expanded.
(etexcmds)             That can mean that you are not using pdfTeX 1.50 or
(etexcmds)             that some package has redefined \expanded.
(etexcmds)             In the latter case, load this package earlier.
)))
(/usr/local/texlive/2015/texmf-dist/tex/generic/oberdiek/pdftexcmds.sty
Package: pdftexcmds 2011/11/29 v0.20 Utility functions of pdfTeX for LuaTeX (HO
)

(/usr/local/texlive/2015/texmf-dist/tex/generic/oberdiek/ifpdf.sty
Package: ifpdf 2011/01/30 v2.3 Provides the ifpdf switch (HO)
Package ifpdf Info: pdfTeX in PDF mode is detected.
)
Package pdftexcmds Info: LuaTeX not detected.
Package pdftexcmds Info: \pdf@primitive is available.
Package pdftexcmds Info: \pdf@ifprimitive is available.
Package pdftexcmds Info: \pdfdraftmode found.
)
Package grfext Info: Graphics extension search list:
(grfext)             [.png,.pdf,.jpg,.mps,.jpeg,.jbig2,.jb2,.PNG,.PDF,.JPG,.JPE
G,.JBIG2,.JB2,.eps]
(grfext)             \AppendGraphicsExtensions on input line 452.

(/usr/local/texlive/2015/texmf-dist/tex/latex/latexconfig/epstopdf-sys.cfg
File: epstopdf-sys.cfg 2010/07/13 v1.3 Configuration of (r)epstopdf for TeX Liv
e
)))
(/usr/local/texlive/2015/texmf-dist/tex/latex/fancyhdr/fancyhdr.sty
\fancy@headwidth=\skip49
\f@ncyO@elh=\skip50
\f@ncyO@erh=\skip51
\f@ncyO@olh=\skip52
\f@ncyO@orh=\skip53
\f@ncyO@elf=\skip54
\f@ncyO@erf=\skip55
\f@ncyO@olf=\skip56
\f@ncyO@orf=\skip57
)
(/usr/local/texlive/2015/texmf-dist/tex/latex/etoolbox/etoolbox.sty
Package: etoolbox 2015/05/04 v2.2 e-TeX tools for LaTeX (JAW)
\etb@tempcnta=\count130
)
(/usr/local/texlive/2015/texmf-dist/tex/latex/wrapfig/wrapfig.sty
\wrapoverhang=\dimen165
\WF@size=\dimen166
\c@WF@wrappedlines=\count131
\WF@box=\box41
\WF@everypar=\toks37
Package: wrapfig 2003/01/31  v 3.6
)
(/usr/local/texlive/2015/texmf-dist/tex/latex/url/url.sty
\Urlmuskip=\muskip11
Package: url 2013/09/16  ver 3.4  Verb mode for urls, etc.
)
(/usr/local/texlive/2015/texmf-dist/tex/latex/hyperref/hyperref.sty
Package: hyperref 2012/11/06 v6.83m Hypertext links for LaTeX

(/usr/local/texlive/2015/texmf-dist/tex/generic/oberdiek/hobsub-hyperref.sty
Package: hobsub-hyperref 2012/05/28 v1.13 Bundle oberdiek, subset hyperref (HO)


(/usr/local/texlive/2015/texmf-dist/tex/generic/oberdiek/hobsub-generic.sty
Package: hobsub-generic 2012/05/28 v1.13 Bundle oberdiek, subset generic (HO)
Package: hobsub 2012/05/28 v1.13 Construct package bundles (HO)
Package hobsub Info: Skipping package `infwarerr' (already loaded).
Package hobsub Info: Skipping package `ltxcmds' (already loaded).
Package hobsub Info: Skipping package `ifluatex' (already loaded).
Package: ifvtex 2010/03/01 v1.5 Detect VTeX and its facilities (HO)
Package ifvtex Info: VTeX not detected.
Package: intcalc 2007/09/27 v1.1 Expandable calculations with integers (HO)
Package hobsub Info: Skipping package `ifpdf' (already loaded).
Package hobsub Info: Skipping package `etexcmds' (already loaded).
Package hobsub Info: Skipping package `kvsetkeys' (already loaded).
Package hobsub Info: Skipping package `kvdefinekeys' (already loaded).
Package hobsub Info: Skipping package `pdftexcmds' (already loaded).
Package: pdfescape 2011/11/25 v1.13 Implements pdfTeX's escape features (HO)
Package: bigintcalc 2012/04/08 v1.3 Expandable calculations on big integers (HO
)
Package: bitset 2011/01/30 v1.1 Handle bit-vector datatype (HO)
Package: uniquecounter 2011/01/30 v1.2 Provide unlimited unique counter (HO)
)
Package hobsub Info: Skipping package `hobsub' (already loaded).
Package: letltxmacro 2010/09/02 v1.4 Let assignment for LaTeX macros (HO)
Package: hopatch 2012/05/28 v1.2 Wrapper for package hooks (HO)
Package: xcolor-patch 2011/01/30 xcolor patch
Package: atveryend 2011/06/30 v1.8 Hooks at the very end of document (HO)
Package: atbegshi 2011/10/05 v1.16 At begin shipout hook (HO)
Package: refcount 2011/10/16 v3.4 Data extraction from label references (HO)
Package: hycolor 2011/01/30 v1.7 Color options for hyperref/bookmark (HO)
)
(/usr/local/texlive/2015/texmf-dist/tex/generic/ifxetex/ifxetex.sty
Package: ifxetex 2010/09/12 v0.6 Provides ifxetex conditional
)
(/usr/local/texlive/2015/texmf-dist/tex/latex/oberdiek/auxhook.sty
Package: auxhook 2011/03/04 v1.3 Hooks for auxiliary files (HO)
)
\@linkdim=\dimen167
\Hy@linkcounter=\count132
\Hy@pagecounter=\count133

(/usr/local/texlive/2015/texmf-dist/tex/latex/hyperref/pd1enc.def
File: pd1enc.def 2012/11/06 v6.83m Hyperref: PDFDocEncoding definition (HO)
Now handling font encoding PD1 ...
... no UTF-8 mapping file for font encoding PD1
)
\Hy@SavedSpaceFactor=\count134

(/usr/local/texlive/2015/texmf-dist/tex/latex/latexconfig/hyperref.cfg
File: hyperref.cfg 2002/06/06 v1.2 hyperref configuration of TeXLive
)
Package hyperref Info: Hyper figures OFF on input line 4443.
Package hyperref Info: Link nesting OFF on input line 4448.
Package hyperref Info: Hyper index ON on input line 4451.
Package hyperref Info: Plain pages OFF on input line 4458.
Package hyperref Info: Backreferencing OFF on input line 4463.
Package hyperref Info: Implicit mode ON; LaTeX internals redefined.
Package hyperref Info: Bookmarks ON on input line 4688.
\c@Hy@tempcnt=\count135
LaTeX Info: Redefining \url on input line 5041.
\XeTeXLinkMargin=\dimen168
\Fld@menulength=\count136
\Field@Width=\dimen169
\Fld@charsize=\dimen170
Package hyperref Info: Hyper figures OFF on input line 6295.
Package hyperref Info: Link nesting OFF on input line 6300.
Package hyperref Info: Hyper index ON on input line 6303.
Package hyperref Info: backreferencing OFF on input line 6310.
Package hyperref Info: Link coloring OFF on input line 6315.
Package hyperref Info: Link coloring with OCG OFF on input line 6320.
Package hyperref Info: PDF/A mode OFF on input line 6325.
LaTeX Info: Redefining \ref on input line 6365.
LaTeX Info: Redefining \pageref on input line 6369.
\Hy@abspage=\count137
\c@Item=\count138
\c@Hfootnote=\count139
)

Package hyperref Message: Driver (autodetected): hpdftex.

(/usr/local/texlive/2015/texmf-dist/tex/latex/hyperref/hpdftex.def
File: hpdftex.def 2012/11/06 v6.83m Hyperref driver for pdfTeX
\Fld@listcount=\count140
\c@bookmark@seq@number=\count141

(/usr/local/texlive/2015/texmf-dist/tex/latex/oberdiek/rerunfilecheck.sty
Package: rerunfilecheck 2011/04/15 v1.7 Rerun checks for auxiliary files (HO)
Package uniquecounter Info: New unique counter `rerunfilecheck' on input line 2
82.
)
\Hy@SectionHShift=\skip58
)
(/usr/local/texlive/2015/texmf-dist/tex/latex/ntheorem/ntheorem.sty
Style `ntheorem', Version 1.33 <2011/08/15>
Package: ntheorem 2011/08/15 1.33
\theorem@style=\toks38
\theorem@@style=\toks39
\theorembodyfont=\toks40
\theoremnumbering=\toks41
\theorempreskipamount=\skip59
\theorempostskipamount=\skip60
\theoremframepreskipamount=\skip61
\theoremframepostskipamount=\skip62
\theoreminframepreskipamount=\skip63
\theoreminframepostskipamount=\skip64
\theorem@preskip=\toks42
\theorem@postskip=\toks43
\theorem@framepreskip=\toks44
\theorem@framepostskip=\toks45
\theorem@inframepreskip=\toks46
\theorem@inframepostskip=\toks47
\theoremindent=\dimen171
\theorem@indent=\dimen172
\theoremrightindent=\dimen173
\theorem@rightindent=\dimen174
\theoremheaderfont=\toks48
\theoremseparator=\toks49
\theoremprework=\toks50
\theorempostwork=\toks51
\theoremsymbol=\toks52
\qedsymbol=\toks53
\theoremkeyword=\toks54
\qedsymbol=\toks55
\thm@topsep=\skip65
\thm@topsepadd=\skip66
)
\c@theorem=\count142
 (./eit-main.aux (./abstract.aux) (./chap1.aux) (./chap2.aux) (./chap3.aux)
(./chap4.aux) (./chap5.aux) (./chap6.aux))
\openout1 = `eit-main.aux'.

LaTeX Font Info:    Checking defaults for OML/cmm/m/it on input line 99.
LaTeX Font Info:    ... okay on input line 99.
LaTeX Font Info:    Checking defaults for T1/cmr/m/n on input line 99.
LaTeX Font Info:    ... okay on input line 99.
LaTeX Font Info:    Checking defaults for OT1/cmr/m/n on input line 99.
LaTeX Font Info:    ... okay on input line 99.
LaTeX Font Info:    Checking defaults for OMS/cmsy/m/n on input line 99.
LaTeX Font Info:    ... okay on input line 99.
LaTeX Font Info:    Checking defaults for OMX/cmex/m/n on input line 99.
LaTeX Font Info:    ... okay on input line 99.
LaTeX Font Info:    Checking defaults for U/cmr/m/n on input line 99.
LaTeX Font Info:    ... okay on input line 99.
LaTeX Font Info:    Checking defaults for PD1/pdf/m/n on input line 99.
LaTeX Font Info:    ... okay on input line 99.

(/usr/local/texlive/2015/texmf-dist/tex/context/base/supp-pdf.mkii
[Loading MPS to PDF converter (version 2006.09.02).]
\scratchcounter=\count143
\scratchdimen=\dimen175
\scratchbox=\box42
\nofMPsegments=\count144
\nofMParguments=\count145
\everyMPshowfont=\toks56
\MPscratchCnt=\count146
\MPscratchDim=\dimen176
\MPnumerator=\count147
\makeMPintoPDFobject=\count148
\everyMPtoPDFconversion=\toks57
) ABD: EveryShipout initializing macros
\AtBeginShipoutBox=\box43
Package hyperref Info: Link coloring OFF on input line 99.

(/usr/local/texlive/2015/texmf-dist/tex/latex/hyperref/nameref.sty
Package: nameref 2012/10/27 v2.43 Cross-referencing by name of section

(/usr/local/texlive/2015/texmf-dist/tex/generic/oberdiek/gettitlestring.sty
Package: gettitlestring 2010/12/03 v1.4 Cleanup title references (HO)
)
\c@section@level=\count149
)
LaTeX Info: Redefining \ref on input line 99.
LaTeX Info: Redefining \pageref on input line 99.
LaTeX Info: Redefining \nameref on input line 99.

(./eit-main.out) (./eit-main.out)
\@outlinefile=\write4
\openout4 = `eit-main.out'.


<elte-logo.jpg, id=195, 428.60126pt x 427.5975pt>
File: elte-logo.jpg Graphic file (type jpg)
 <use elte-logo.jpg>
Package pdftex.def Info: elte-logo.jpg used on input line 112.
(pdftex.def)             Requested size: 107.15004pt x 106.89911pt.

Underfull \hbox (badness 10000) in paragraph at lines 109--114
[][][]
 []


Underfull \hbox (badness 10000) in paragraph at lines 127--129

 []


Underfull \hbox (badness 10000) in paragraph at lines 127--129

 []


Underfull \hbox (badness 10000) in paragraph at lines 127--129

 []

LaTeX Font Info:    Try loading font information for U+msa on input line 135.
(/usr/local/texlive/2015/texmf-dist/tex/latex/amsfonts/umsa.fd
File: umsa.fd 2013/01/14 v3.01 AMS symbols A
)
LaTeX Font Info:    Try loading font information for U+msb on input line 135.

(/usr/local/texlive/2015/texmf-dist/tex/latex/amsfonts/umsb.fd
File: umsb.fd 2013/01/14 v3.01 AMS symbols B
) [1

{/usr/local/texlive/2015/texmf-var/fonts/map/pdftex/updmap/pdftex.map} <./elte-
logo.jpg>]
\openout2 = `abstract.aux'.


(./abstract.texpdfTeX warning (ext4): destination with the same identifier (nam
e{page.i}) has been already used, duplicate ignored
<to be read again> 
                   \relax 
l.34 \end{abstract}
                    [1

])

Package Fancyhdr Warning: \headheight is too small (12.0pt): 
 Make it at least 13.59999pt.
 We now make it that large for the rest of the document.
 This may cause the page layout to be inconsistent, however.

pdfTeX warning (ext4): destination with the same identifier (name{page.i}) has 
been already used, duplicate ignored
<to be read again> 
                   \relax 
l.166 \tableofcontents
                       [1


] (./eit-main.toc [2

])
\tf@toc=\write5
\openout5 = `eit-main.toc'.

 [1]
\openout2 = `chap1.aux'.

 (./chap1.tex
Chapter 1.

Underfull \hbox (badness 10000) in paragraph at lines 9--16

 []

[2


] [3]
LaTeX Font Info:    Try loading font information for OMS+cmr on input line 113.

 (/usr/local/texlive/2015/texmf-dist/tex/latex/base/omscmr.fd
File: omscmr.fd 2014/09/29 v2.5h Standard LaTeX font definitions
)
LaTeX Font Info:    Font shape `OMS/cmr/m/n' in size <10.95> not available
(Font)              Font shape `OMS/cmsy/m/n' tried instead on input line 113.
 [4]
[5]) [6]
\openout2 = `chap2.aux'.

 (./chap2.tex
Chapter 2.
[7



] [8] <sourcesvariability.png, id=310, 2074.75125pt x 1200.485pt>
File: sourcesvariability.png Graphic file (type png)

<use sourcesvariability.png>
Package pdftex.def Info: sourcesvariability.png used on input line 91.
(pdftex.def)             Requested size: 414.9429pt x 240.09274pt.
 [9 <./sourcesvariability.png>]
Overfull \hbox (7.89636pt too wide) in paragraph at lines 149--150
[]\T1/cmr/m/n/10.95 data qual-ity^^Vduration, sam-pling rate, record-ing qual-i
ty, and au-dio codec/compression. 
 []

[10] [11] [12] <gmmsvm.png, id=347, 1694.33pt x 1277.77374pt>
File: gmmsvm.png Graphic file (type png)
 <use gmmsvm.png>
Package pdftex.def Info: gmmsvm.png used on input line 264.
(pdftex.def)             Requested size: 338.86pt x 255.55022pt.

[13 <./gmmsvm.png>] [14] [15]
Overfull \hbox (0.79295pt too wide) in paragraph at lines 372--378
\T1/cmr/m/n/10.95 pro-duc-ers.\T1/cmr/m/it/10.95 SmartThings \T1/cmr/m/n/10.95 
fo-cuses on four main Smart de-vices cat-e-gories: \T1/cmr/m/it/10.95 Se-cu-rit
y\T1/cmr/m/n/10.95 ,\T1/cmr/m/it/10.95 Monitoring\T1/cmr/m/n/10.95 ,
 []

[16] <soavsmicro.png, id=378, 457.71pt x 344.28625pt>
File: soavsmicro.png Graphic file (type png)
 <use soavsmicro.png>
Package pdftex.def Info: soavsmicro.png used on input line 415.
(pdftex.def)             Requested size: 457.7089pt x 344.2854pt.

Overfull \hbox (30.91754pt too wide) in paragraph at lines 415--416
 [][] 
 []


LaTeX Warning: `h' float specifier changed to `ht'.

[17] [18 <./soavsmicro.png>] [19] <calvin4.png, id=396, 256.96pt x 301.125pt>
File: calvin4.png Graphic file (type png)

<use calvin4.png>
Package pdftex.def Info: calvin4.png used on input line 506.
(pdftex.def)             Requested size: 192.71951pt x 225.84319pt.
 [20 <./calvin4.png>]
<calvin1.png, id=404, 256.96pt x 301.125pt>
File: calvin1.png Graphic file (type png)
 <use calvin1.png>
Package pdftex.def Info: calvin1.png used on input line 534.
(pdftex.def)             Requested size: 192.71951pt x 225.84319pt.

<calvin2.png, id=405, 301.125pt x 97.36375pt>
File: calvin2.png Graphic file (type png)
 <use calvin2.png>
Package pdftex.def Info: calvin2.png used on input line 546.
(pdftex.def)             Requested size: 225.84319pt x 73.02261pt.
 [21 <./calvin1.png> <./calvin2.png>] <calvin3.png, id=417, 262.9825pt x 301.12
5pt>
File: calvin3.png Graphic file (type png)

<use calvin3.png>
Package pdftex.def Info: calvin3.png used on input line 569.
(pdftex.def)             Requested size: 197.23637pt x 225.84319pt.
 [22 <./calvin3.png>] [23]
<calvinlayers.png, id=430, 569.12625pt x 631.35875pt>
File: calvinlayers.png Graphic file (type png)
 <use calvinlayers.png>
Package pdftex.def Info: calvinlayers.png used on input line 633.
(pdftex.def)             Requested size: 256.10445pt x 284.10881pt.

[24 <./calvinlayers.png>]
LaTeX Font Info:    Try loading font information for T1+cmtt on input line 661.


(/usr/local/texlive/2015/texmf-dist/tex/latex/base/t1cmtt.fd
File: t1cmtt.fd 2014/09/29 v2.5h Standard LaTeX font definitions
) [25]
Overfull \hbox (62.90828pt too wide) in paragraph at lines 705--711
\T1/cmr/m/n/10.95 tion. An ex-am-ple of con-di-tion for a cam-era ac-tor can be
 \T1/cmtt/m/n/10.95 @condition(action_input=['trigger'],
 []

) [26] [27]
\openout2 = `chap3.aux'.

 (./chap3.tex
Chapter 3.
[28



] <calvin-speaker1.png, id=459, 727.71875pt x 441.65pt>
File: calvin-speaker1.png Graphic file (type png)

<use calvin-speaker1.png>
Package pdftex.def Info: calvin-speaker1.png used on input line 71.
(pdftex.def)             Requested size: 363.85847pt x 220.82445pt.


LaTeX Warning: `h' float specifier changed to `ht'.

[29] [30 <./calvin-speaker1.png>] [31]
<nest-architecture.png, id=473, 963.6pt x 443.6575pt>
File: nest-architecture.png Graphic file (type png)

<use nest-architecture.png>
Package pdftex.def Info: nest-architecture.png used on input line 167.
(pdftex.def)             Requested size: 337.26506pt x 155.28244pt.
 [32 <./nest-architecture.png (PNG copy)>] [33]
Underfull \hbox (badness 10000) in paragraph at lines 258--262

 []

[34]
Overfull \hbox (42.85344pt too wide) in paragraph at lines 289--289
[]    \T1/cmtt/m/n/10.95 @guard(lambda self: self.nest._in_progress is None and
 self.operation == "set")[] 
 []

[35] <test-arch.png, id=497, 581.17125pt x 418.56375pt>
File: test-arch.png Graphic file (type png)
 <use test-arch.png>
Package pdftex.def Info: test-arch.png used on input line 325.
(pdftex.def)             Requested size: 377.75684pt x 272.0632pt.

[36 <./test-arch.png>] [37]
Underfull \hbox (badness 10000) in paragraph at lines 389--399

 []

[38] <arch2.png, id=520, 826.08624pt x 316.18124pt>
File: arch2.png Graphic file (type png)
 <use arch2.png>
Package pdftex.def Info: arch2.png used on input line 461.
(pdftex.def)             Requested size: 413.0421pt x 158.09023pt.
 [39])
[40 <./arch2.png>]
\openout2 = `chap4.aux'.

 (./chap4.tex
Chapter 4.
) [41



]
\openout2 = `chap5.aux'.

 (./chap5.tex
Chapter 5.
) [42



]
\openout2 = `chap6.aux'.

 (./chap6.tex
Chapter 6.
) [43



] (./eit-main.bbl [44

])
\tf@thm=\write6
\openout6 = `eit-main.thm'.

 [45

]
Package atveryend Info: Empty hook `BeforeClearDocument' on input line 191.
Package atveryend Info: Empty hook `AfterLastShipout' on input line 191.
 (./eit-main.aux (./abstract.aux) (./chap1.aux) (./chap2.aux) (./chap3.aux) (./
chap4.aux) (./chap5.aux) (./chap6.aux))
Package atveryend Info: Executing hook `AtVeryEndDocument' on input line 191.
Package atveryend Info: Executing hook `AtEndAfterFileList' on input line 191.
Package rerunfilecheck Info: File `eit-main.out' has not changed.
(rerunfilecheck)             Checksum: 295B5DCDBFDD0D947090727C4DC9F1CB;3210.
 ) 
Here is how much of TeX's memory you used:
 18283 strings out of 493089
 327682 string characters out of 6134842
 400343 words of memory out of 5000000
 21179 multiletter control sequences out of 15000+600000
 20425 words of font info for 49 fonts, out of 8000000 for 9000
 1141 hyphenation exceptions out of 8191
 55i,12n,54p,793b,460s stack positions out of 5000i,500n,10000p,200000b,80000s
{/usr/local/texlive/2015/texmf-dist/fonts/enc/dvips/cm-super/cm-super-t1.enc}
</usr/local/texlive/2015/texmf-dist/fonts/type1/public/amsfonts/cm/cmex10.pfb><
/usr/local/texlive/2015/texmf-dist/fonts/type1/public/amsfonts/cm/cmmi10.pfb></
usr/local/texlive/2015/texmf-dist/fonts/type1/public/amsfonts/cm/cmmi8.pfb></us
r/local/texlive/2015/texmf-dist/fonts/type1/public/amsfonts/cm/cmr10.pfb></usr/
local/texlive/2015/texmf-dist/fonts/type1/public/amsfonts/cm/cmr8.pfb></usr/loc
al/texlive/2015/texmf-dist/fonts/type1/public/amsfonts/cm/cmsy10.pfb></usr/loca
l/texlive/2015/texmf-dist/fonts/type1/public/cm-super/sfbi1095.pfb></usr/local/
texlive/2015/texmf-dist/fonts/type1/public/cm-super/sfbx1095.pfb></usr/local/te
xlive/2015/texmf-dist/fonts/type1/public/cm-super/sfbx1200.pfb></usr/local/texl
ive/2015/texmf-dist/fonts/type1/public/cm-super/sfbx1440.pfb></usr/local/texliv
e/2015/texmf-dist/fonts/type1/public/cm-super/sfbx2074.pfb></usr/local/texlive/
2015/texmf-dist/fonts/type1/public/cm-super/sfbx2488.pfb></usr/local/texlive/20
15/texmf-dist/fonts/type1/public/cm-super/sfcc1200.pfb></usr/local/texlive/2015
/texmf-dist/fonts/type1/public/cm-super/sfcc1440.pfb></usr/local/texlive/2015/t
exmf-dist/fonts/type1/public/cm-super/sfcc1728.pfb></usr/local/texlive/2015/tex
mf-dist/fonts/type1/public/cm-super/sfcc2074.pfb></usr/local/texlive/2015/texmf
-dist/fonts/type1/public/cm-super/sfrm1095.pfb></usr/local/texlive/2015/texmf-d
ist/fonts/type1/public/cm-super/sfti1095.pfb></usr/local/texlive/2015/texmf-dis
t/fonts/type1/public/cm-super/sftt1095.pfb>
Output written on eit-main.pdf (49 pages, 2022340 bytes).
PDF statistics:
 659 PDF objects out of 1000 (max. 8388607)
 562 compressed objects within 6 object streams
 154 named destinations out of 1000 (max. 500000)
 460 words of extra memory for PDF output out of 10000 (max. 10000000)

