\BOOKMARK [0][-]{chapter.1}{Introduction}{}% 1
\BOOKMARK [1][-]{section.1.1}{Motivation}{chapter.1}% 2
\BOOKMARK [1][-]{section.1.2}{The Scenario}{chapter.1}% 3
\BOOKMARK [1][-]{section.1.3}{Calvin}{chapter.1}% 4
\BOOKMARK [1][-]{section.1.4}{Microservices and IoT}{chapter.1}% 5
\BOOKMARK [2][-]{subsection.1.4.1}{M2M: Machine to Machine}{section.1.4}% 6
\BOOKMARK [2][-]{subsection.1.4.2}{RESTful interfaces}{section.1.4}% 7
\BOOKMARK [1][-]{section.1.5}{False positives}{chapter.1}% 8
\BOOKMARK [2][-]{subsection.1.5.1}{Approaches}{section.1.5}% 9
\BOOKMARK [0][-]{chapter.2}{State of the Art}{}% 10
\BOOKMARK [1][-]{section.2.1}{Biometric factors}{chapter.2}% 11
\BOOKMARK [2][-]{subsection.2.1.1}{Speaker recognition}{section.2.1}% 12
\BOOKMARK [2][-]{subsection.2.1.2}{Speaker Recognition algorithms}{section.2.1}% 13
\BOOKMARK [1][-]{section.2.2}{Internet of Things}{chapter.2}% 14
\BOOKMARK [2][-]{subsection.2.2.1}{Ecosystems}{section.2.2}% 15
\BOOKMARK [1][-]{section.2.3}{The Microservice Architectural Style}{chapter.2}% 16
\BOOKMARK [2][-]{subsection.2.3.1}{Internal integration}{section.2.3}% 17
\BOOKMARK [2][-]{subsection.2.3.2}{Integration as a Service}{section.2.3}% 18
\BOOKMARK [2][-]{subsection.2.3.3}{Other benefits}{section.2.3}% 19
\BOOKMARK [2][-]{subsection.2.3.4}{Microservice Oriented Internet of Things}{section.2.3}% 20
\BOOKMARK [1][-]{section.2.4}{Calvin}{chapter.2}% 21
\BOOKMARK [2][-]{subsection.2.4.1}{Describe}{section.2.4}% 22
\BOOKMARK [2][-]{subsection.2.4.2}{Connect}{section.2.4}% 23
\BOOKMARK [2][-]{subsection.2.4.3}{Deploy}{section.2.4}% 24
\BOOKMARK [2][-]{subsection.2.4.4}{Manage}{section.2.4}% 25
\BOOKMARK [2][-]{subsection.2.4.5}{The relationship between the Actor Model and Microservices}{section.2.4}% 26
\BOOKMARK [2][-]{subsection.2.4.6}{Calvin's Three Tier architecture}{section.2.4}% 27
\BOOKMARK [2][-]{subsection.2.4.7}{Anatomy of an Actor}{section.2.4}% 28
\BOOKMARK [0][-]{chapter.3}{Detection and Integration}{}% 29
\BOOKMARK [1][-]{section.3.1}{Preface}{chapter.3}% 30
\BOOKMARK [1][-]{section.3.2}{Fingerprinting a Human}{chapter.3}% 31
\BOOKMARK [2][-]{subsection.3.2.1}{Behavioral biometrics}{section.3.2}% 32
\BOOKMARK [1][-]{section.3.3}{In House Speaker Recognition}{chapter.3}% 33
\BOOKMARK [2][-]{subsection.3.3.1}{Speaker recognition and Calvin}{section.3.3}% 34
\BOOKMARK [2][-]{subsection.3.3.2}{Actor Structure and Interaction}{section.3.3}% 35
\BOOKMARK [2][-]{subsection.3.3.3}{Hardware Interacting Actors}{section.3.3}% 36
\BOOKMARK [2][-]{subsection.3.3.4}{Speaker Recognition Actors}{section.3.3}% 37
\BOOKMARK [1][-]{section.3.4}{Expanding the system}{chapter.3}% 38
\BOOKMARK [1][-]{section.3.5}{The Architecture}{chapter.3}% 39
\BOOKMARK [2][-]{subsection.3.5.1}{Accessing different systems}{section.3.5}% 40
\BOOKMARK [1][-]{section.3.6}{Accessing Nest}{chapter.3}% 41
\BOOKMARK [2][-]{subsection.3.6.1}{Nest API Model}{section.3.6}% 42
\BOOKMARK [2][-]{subsection.3.6.2}{Nest with Calvin}{section.3.6}% 43
\BOOKMARK [2][-]{subsection.3.6.3}{A Microservice Oriented approach}{section.3.6}% 44
\BOOKMARK [2][-]{subsection.3.6.4}{Accessing HomeKit}{section.3.6}% 45
\BOOKMARK [0][-]{chapter.4}{Validation}{}% 46
\BOOKMARK [1][-]{section.4.1}{Validating Speaker Recognition}{chapter.4}% 47
\BOOKMARK [2][-]{subsection.4.1.1}{Testing the basic model}{section.4.1}% 48
\BOOKMARK [2][-]{subsection.4.1.2}{Testing different inputs with the same speaker}{section.4.1}% 49
\BOOKMARK [2][-]{subsection.4.1.3}{Testing same speaker talking different languages}{section.4.1}% 50
\BOOKMARK [2][-]{subsection.4.1.4}{Animal Recognition}{section.4.1}% 51
\BOOKMARK [2][-]{subsection.4.1.5}{Cheating the Speaker Recognition}{section.4.1}% 52
\BOOKMARK [2][-]{subsection.4.1.6}{Step Recognition}{section.4.1}% 53
\BOOKMARK [1][-]{section.4.2}{Validation of the Microservice approach}{chapter.4}% 54
\BOOKMARK [2][-]{subsection.4.2.1}{Microservices Oriented integration and Typical integration}{section.4.2}% 55
\BOOKMARK [2][-]{subsection.4.2.2}{Architecture limits}{section.4.2}% 56
\BOOKMARK [0][-]{chapter.5}{Related Work}{}% 57
\BOOKMARK [0][-]{chapter.6}{Conclusion}{}% 58
